<?xml version="1.0" encoding="UTF-8"?>
<testsuite xmlns:xsi="http://www.w3.org/2001/XMLSchema-instance" xsi:noNamespaceSchemaLocation="https://maven.apache.org/surefire/maven-surefire-plugin/xsd/surefire-test-report-3.0.xsd" version="3.0" name="TestSuite" time="141.052" tests="8" errors="0" skipped="0" failures="0">
  <properties>
    <property name="sun.desktop" value="gnome"/>
    <property name="awt.toolkit" value="sun.awt.X11.XToolkit"/>
    <property name="java.specification.version" value="11"/>
    <property name="webdriver.chrome.driver" value="/home/tushar/.m2/repository/webdriver/chromedriver/linux64/83.0.4103.39/chromedriver"/>
    <property name="sun.cpu.isalist" value=""/>
    <property name="sun.jnu.encoding" value="UTF-8"/>
    <property name="java.class.path" value="/home/tushar/eclipse-workspace/CRMPRoject/target/test-classes:/home/tushar/eclipse-workspace/CRMPRoject/target/classes:/home/tushar/.m2/repository/io/github/bonigarcia/webdrivermanager/3.8.1/webdrivermanager-3.8.1.jar:/home/tushar/.m2/repository/org/slf4j/slf4j-api/1.7.25/slf4j-api-1.7.25.jar:/home/tushar/.m2/repository/com/google/code/gson/gson/2.8.5/gson-2.8.5.jar:/home/tushar/.m2/repository/org/apache/commons/commons-lang3/3.8.1/commons-lang3-3.8.1.jar:/home/tushar/.m2/repository/org/apache/httpcomponents/httpclient/4.5.6/httpclient-4.5.6.jar:/home/tushar/.m2/repository/org/apache/httpcomponents/httpcore/4.4.10/httpcore-4.4.10.jar:/home/tushar/.m2/repository/commons-logging/commons-logging/1.2/commons-logging-1.2.jar:/home/tushar/.m2/repository/org/rauschig/jarchivelib/1.0.0/jarchivelib-1.0.0.jar:/home/tushar/.m2/repository/org/jsoup/jsoup/1.11.3/jsoup-1.11.3.jar:/home/tushar/.m2/repository/org/seleniumhq/selenium/selenium-java/3.141.59/selenium-java-3.141.59.jar:/home/tushar/.m2/repository/org/seleniumhq/selenium/selenium-api/3.141.59/selenium-api-3.141.59.jar:/home/tushar/.m2/repository/org/seleniumhq/selenium/selenium-chrome-driver/3.141.59/selenium-chrome-driver-3.141.59.jar:/home/tushar/.m2/repository/org/seleniumhq/selenium/selenium-edge-driver/3.141.59/selenium-edge-driver-3.141.59.jar:/home/tushar/.m2/repository/org/seleniumhq/selenium/selenium-firefox-driver/3.141.59/selenium-firefox-driver-3.141.59.jar:/home/tushar/.m2/repository/org/seleniumhq/selenium/selenium-ie-driver/3.141.59/selenium-ie-driver-3.141.59.jar:/home/tushar/.m2/repository/org/seleniumhq/selenium/selenium-opera-driver/3.141.59/selenium-opera-driver-3.141.59.jar:/home/tushar/.m2/repository/org/seleniumhq/selenium/selenium-remote-driver/3.141.59/selenium-remote-driver-3.141.59.jar:/home/tushar/.m2/repository/org/seleniumhq/selenium/selenium-safari-driver/3.141.59/selenium-safari-driver-3.141.59.jar:/home/tushar/.m2/repository/org/seleniumhq/selenium/selenium-support/3.141.59/selenium-support-3.141.59.jar:/home/tushar/.m2/repository/net/bytebuddy/byte-buddy/1.8.15/byte-buddy-1.8.15.jar:/home/tushar/.m2/repository/org/apache/commons/commons-exec/1.3/commons-exec-1.3.jar:/home/tushar/.m2/repository/com/google/guava/guava/25.0-jre/guava-25.0-jre.jar:/home/tushar/.m2/repository/com/google/code/findbugs/jsr305/1.3.9/jsr305-1.3.9.jar:/home/tushar/.m2/repository/org/checkerframework/checker-compat-qual/2.0.0/checker-compat-qual-2.0.0.jar:/home/tushar/.m2/repository/com/google/errorprone/error_prone_annotations/2.1.3/error_prone_annotations-2.1.3.jar:/home/tushar/.m2/repository/com/google/j2objc/j2objc-annotations/1.1/j2objc-annotations-1.1.jar:/home/tushar/.m2/repository/org/codehaus/mojo/animal-sniffer-annotations/1.14/animal-sniffer-annotations-1.14.jar:/home/tushar/.m2/repository/com/squareup/okhttp3/okhttp/3.11.0/okhttp-3.11.0.jar:/home/tushar/.m2/repository/com/squareup/okio/okio/1.14.0/okio-1.14.0.jar:/home/tushar/.m2/repository/org/testng/testng/7.1.0/testng-7.1.0.jar:/home/tushar/.m2/repository/com/beust/jcommander/1.72/jcommander-1.72.jar:/home/tushar/.m2/repository/com/google/inject/guice/4.1.0/guice-4.1.0-no_aop.jar:/home/tushar/.m2/repository/javax/inject/javax.inject/1/javax.inject-1.jar:/home/tushar/.m2/repository/aopalliance/aopalliance/1.0/aopalliance-1.0.jar:/home/tushar/.m2/repository/org/yaml/snakeyaml/1.21/snakeyaml-1.21.jar:/home/tushar/.m2/repository/com/aventstack/extentreports/4.1.4/extentreports-4.1.4.jar:/home/tushar/.m2/repository/org/freemarker/freemarker/2.3.29/freemarker-2.3.29.jar:/home/tushar/.m2/repository/org/apache/httpcomponents/httpmime/4.5.2/httpmime-4.5.2.jar:/home/tushar/.m2/repository/org/mongodb/mongodb-driver/3.12.0/mongodb-driver-3.12.0.jar:/home/tushar/.m2/repository/org/mongodb/mongodb-driver-core/3.12.0/mongodb-driver-core-3.12.0.jar:/home/tushar/.m2/repository/org/mongodb/bson/3.12.0/bson-3.12.0.jar:/home/tushar/.m2/repository/org/slf4j/slf4j-simple/1.7.30/slf4j-simple-1.7.30.jar:/home/tushar/.m2/repository/org/apache/poi/poi/4.1.2/poi-4.1.2.jar:/home/tushar/.m2/repository/commons-codec/commons-codec/1.13/commons-codec-1.13.jar:/home/tushar/.m2/repository/org/apache/commons/commons-collections4/4.4/commons-collections4-4.4.jar:/home/tushar/.m2/repository/org/apache/commons/commons-math3/3.6.1/commons-math3-3.6.1.jar:/home/tushar/.m2/repository/com/zaxxer/SparseBitSet/1.2/SparseBitSet-1.2.jar:/home/tushar/.m2/repository/org/apache/poi/poi-ooxml/4.1.2/poi-ooxml-4.1.2.jar:/home/tushar/.m2/repository/org/apache/poi/poi-ooxml-schemas/4.1.2/poi-ooxml-schemas-4.1.2.jar:/home/tushar/.m2/repository/org/apache/xmlbeans/xmlbeans/3.1.0/xmlbeans-3.1.0.jar:/home/tushar/.m2/repository/org/apache/commons/commons-compress/1.19/commons-compress-1.19.jar:/home/tushar/.m2/repository/com/github/virtuald/curvesapi/1.06/curvesapi-1.06.jar:/home/tushar/.m2/repository/commons-io/commons-io/2.6/commons-io-2.6.jar:/home/tushar/.m2/repository/log4j/log4j/1.2.17/log4j-1.2.17.jar:"/>
    <property name="java.vm.vendor" value="Ubuntu"/>
    <property name="sun.arch.data.model" value="64"/>
    <property name="java.vendor.url" value="https://ubuntu.com/"/>
    <property name="user.timezone" value="Asia/Kolkata"/>
    <property name="java.vm.specification.version" value="11"/>
    <property name="os.name" value="Linux"/>
    <property name="webdriver.chrome.silentOutput" value="true"/>
    <property name="sun.java.launcher" value="SUN_STANDARD"/>
    <property name="user.country" value="IN"/>
    <property name="sun.boot.library.path" value="/usr/lib/jvm/java-11-openjdk-amd64/lib"/>
    <property name="sun.java.command" value="/home/tushar/eclipse-workspace/CRMPRoject/target/surefire/surefirebooter6501437544072933905.jar /home/tushar/eclipse-workspace/CRMPRoject/target/surefire 2020-06-13T14-14-24_160-jvmRun1 surefire2784663372703969766tmp surefire_017832348150056827714tmp"/>
    <property name="jdk.debug" value="release"/>
    <property name="surefire.test.class.path" value="/home/tushar/eclipse-workspace/CRMPRoject/target/test-classes:/home/tushar/eclipse-workspace/CRMPRoject/target/classes:/home/tushar/.m2/repository/io/github/bonigarcia/webdrivermanager/3.8.1/webdrivermanager-3.8.1.jar:/home/tushar/.m2/repository/org/slf4j/slf4j-api/1.7.25/slf4j-api-1.7.25.jar:/home/tushar/.m2/repository/com/google/code/gson/gson/2.8.5/gson-2.8.5.jar:/home/tushar/.m2/repository/org/apache/commons/commons-lang3/3.8.1/commons-lang3-3.8.1.jar:/home/tushar/.m2/repository/org/apache/httpcomponents/httpclient/4.5.6/httpclient-4.5.6.jar:/home/tushar/.m2/repository/org/apache/httpcomponents/httpcore/4.4.10/httpcore-4.4.10.jar:/home/tushar/.m2/repository/commons-logging/commons-logging/1.2/commons-logging-1.2.jar:/home/tushar/.m2/repository/org/rauschig/jarchivelib/1.0.0/jarchivelib-1.0.0.jar:/home/tushar/.m2/repository/org/jsoup/jsoup/1.11.3/jsoup-1.11.3.jar:/home/tushar/.m2/repository/org/seleniumhq/selenium/selenium-java/3.141.59/selenium-java-3.141.59.jar:/home/tushar/.m2/repository/org/seleniumhq/selenium/selenium-api/3.141.59/selenium-api-3.141.59.jar:/home/tushar/.m2/repository/org/seleniumhq/selenium/selenium-chrome-driver/3.141.59/selenium-chrome-driver-3.141.59.jar:/home/tushar/.m2/repository/org/seleniumhq/selenium/selenium-edge-driver/3.141.59/selenium-edge-driver-3.141.59.jar:/home/tushar/.m2/repository/org/seleniumhq/selenium/selenium-firefox-driver/3.141.59/selenium-firefox-driver-3.141.59.jar:/home/tushar/.m2/repository/org/seleniumhq/selenium/selenium-ie-driver/3.141.59/selenium-ie-driver-3.141.59.jar:/home/tushar/.m2/repository/org/seleniumhq/selenium/selenium-opera-driver/3.141.59/selenium-opera-driver-3.141.59.jar:/home/tushar/.m2/repository/org/seleniumhq/selenium/selenium-remote-driver/3.141.59/selenium-remote-driver-3.141.59.jar:/home/tushar/.m2/repository/org/seleniumhq/selenium/selenium-safari-driver/3.141.59/selenium-safari-driver-3.141.59.jar:/home/tushar/.m2/repository/org/seleniumhq/selenium/selenium-support/3.141.59/selenium-support-3.141.59.jar:/home/tushar/.m2/repository/net/bytebuddy/byte-buddy/1.8.15/byte-buddy-1.8.15.jar:/home/tushar/.m2/repository/org/apache/commons/commons-exec/1.3/commons-exec-1.3.jar:/home/tushar/.m2/repository/com/google/guava/guava/25.0-jre/guava-25.0-jre.jar:/home/tushar/.m2/repository/com/google/code/findbugs/jsr305/1.3.9/jsr305-1.3.9.jar:/home/tushar/.m2/repository/org/checkerframework/checker-compat-qual/2.0.0/checker-compat-qual-2.0.0.jar:/home/tushar/.m2/repository/com/google/errorprone/error_prone_annotations/2.1.3/error_prone_annotations-2.1.3.jar:/home/tushar/.m2/repository/com/google/j2objc/j2objc-annotations/1.1/j2objc-annotations-1.1.jar:/home/tushar/.m2/repository/org/codehaus/mojo/animal-sniffer-annotations/1.14/animal-sniffer-annotations-1.14.jar:/home/tushar/.m2/repository/com/squareup/okhttp3/okhttp/3.11.0/okhttp-3.11.0.jar:/home/tushar/.m2/repository/com/squareup/okio/okio/1.14.0/okio-1.14.0.jar:/home/tushar/.m2/repository/org/testng/testng/7.1.0/testng-7.1.0.jar:/home/tushar/.m2/repository/com/beust/jcommander/1.72/jcommander-1.72.jar:/home/tushar/.m2/repository/com/google/inject/guice/4.1.0/guice-4.1.0-no_aop.jar:/home/tushar/.m2/repository/javax/inject/javax.inject/1/javax.inject-1.jar:/home/tushar/.m2/repository/aopalliance/aopalliance/1.0/aopalliance-1.0.jar:/home/tushar/.m2/repository/org/yaml/snakeyaml/1.21/snakeyaml-1.21.jar:/home/tushar/.m2/repository/com/aventstack/extentreports/4.1.4/extentreports-4.1.4.jar:/home/tushar/.m2/repository/org/freemarker/freemarker/2.3.29/freemarker-2.3.29.jar:/home/tushar/.m2/repository/org/apache/httpcomponents/httpmime/4.5.2/httpmime-4.5.2.jar:/home/tushar/.m2/repository/org/mongodb/mongodb-driver/3.12.0/mongodb-driver-3.12.0.jar:/home/tushar/.m2/repository/org/mongodb/mongodb-driver-core/3.12.0/mongodb-driver-core-3.12.0.jar:/home/tushar/.m2/repository/org/mongodb/bson/3.12.0/bson-3.12.0.jar:/home/tushar/.m2/repository/org/slf4j/slf4j-simple/1.7.30/slf4j-simple-1.7.30.jar:/home/tushar/.m2/repository/org/apache/poi/poi/4.1.2/poi-4.1.2.jar:/home/tushar/.m2/repository/commons-codec/commons-codec/1.13/commons-codec-1.13.jar:/home/tushar/.m2/repository/org/apache/commons/commons-collections4/4.4/commons-collections4-4.4.jar:/home/tushar/.m2/repository/org/apache/commons/commons-math3/3.6.1/commons-math3-3.6.1.jar:/home/tushar/.m2/repository/com/zaxxer/SparseBitSet/1.2/SparseBitSet-1.2.jar:/home/tushar/.m2/repository/org/apache/poi/poi-ooxml/4.1.2/poi-ooxml-4.1.2.jar:/home/tushar/.m2/repository/org/apache/poi/poi-ooxml-schemas/4.1.2/poi-ooxml-schemas-4.1.2.jar:/home/tushar/.m2/repository/org/apache/xmlbeans/xmlbeans/3.1.0/xmlbeans-3.1.0.jar:/home/tushar/.m2/repository/org/apache/commons/commons-compress/1.19/commons-compress-1.19.jar:/home/tushar/.m2/repository/com/github/virtuald/curvesapi/1.06/curvesapi-1.06.jar:/home/tushar/.m2/repository/commons-io/commons-io/2.6/commons-io-2.6.jar:/home/tushar/.m2/repository/log4j/log4j/1.2.17/log4j-1.2.17.jar:"/>
    <property name="sun.cpu.endian" value="little"/>
    <property name="user.home" value="/home/tushar"/>
    <property name="user.language" value="en"/>
    <property name="java.specification.vendor" value="Oracle Corporation"/>
    <property name="java.version.date" value="2020-04-14"/>
    <property name="java.home" value="/usr/lib/jvm/java-11-openjdk-amd64"/>
    <property name="file.separator" value="/"/>
    <property name="basedir" value="/home/tushar/eclipse-workspace/CRMPRoject"/>
    <property name="java.vm.compressedOopsMode" value="32-bit"/>
    <property name="line.separator" value="&#10;"/>
    <property name="java.specification.name" value="Java Platform API Specification"/>
    <property name="java.vm.specification.vendor" value="Oracle Corporation"/>
    <property name="java.awt.graphicsenv" value="sun.awt.X11GraphicsEnvironment"/>
    <property name="surefire.real.class.path" value="/home/tushar/eclipse-workspace/CRMPRoject/target/surefire/surefirebooter6501437544072933905.jar"/>
    <property name="sun.management.compiler" value="HotSpot 64-Bit Tiered Compilers"/>
    <property name="java.runtime.version" value="11.0.7+10-post-Ubuntu-2ubuntu218.04"/>
    <property name="user.name" value="tushar"/>
    <property name="path.separator" value=":"/>
    <property name="os.version" value="4.15.0-106-generic"/>
    <property name="java.runtime.name" value="OpenJDK Runtime Environment"/>
    <property name="file.encoding" value="UTF-8"/>
    <property name="browser" value="chrome"/>
    <property name="java.vm.name" value="OpenJDK 64-Bit Server VM"/>
    <property name="localRepository" value="/home/tushar/.m2/repository"/>
    <property name="java.vendor.url.bug" value="https://bugs.launchpad.net/ubuntu/+source/openjdk-lts"/>
    <property name="java.io.tmpdir" value="/tmp"/>
    <property name="java.version" value="11.0.7"/>
    <property name="user.dir" value="/home/tushar/eclipse-workspace/CRMPRoject"/>
    <property name="os.arch" value="amd64"/>
    <property name="java.vm.specification.name" value="Java Virtual Machine Specification"/>
    <property name="java.awt.printerjob" value="sun.print.PSPrinterJob"/>
    <property name="sun.os.patch.level" value="unknown"/>
    <property name="java.library.path" value="/usr/java/packages/lib:/usr/lib/x86_64-linux-gnu/jni:/lib/x86_64-linux-gnu:/usr/lib/x86_64-linux-gnu:/usr/lib/jni:/lib:/usr/lib"/>
    <property name="java.vendor" value="Ubuntu"/>
    <property name="java.vm.info" value="mixed mode, sharing"/>
    <property name="java.vm.version" value="11.0.7+10-post-Ubuntu-2ubuntu218.04"/>
    <property name="sun.io.unicode.encoding" value="UnicodeLittle"/>
    <property name="java.class.version" value="55.0"/>
  </properties>
  <testcase name="loginPageTitleTest" classname="com.crm.qa.testcases.LoginPageTest" time="0.547"/>
  <testcase name="signInTest" classname="com.crm.qa.testcases.LoginPageTest" time="7.759"/>
  <testcase name="verifyHomePageTitleTest" classname="com.crm.qa.testcases.HomePageTest" time="0.012"/>
  <testcase name="verifyCorrectUsernameTest" classname="com.crm.qa.testcases.HomePageTest" time="1.824"/>
  <testcase name="verifyContactsLinkTest" classname="com.crm.qa.testcases.HomePageTest" time="2.387"/>
  <testcase name="verifyContactsLabelTest" classname="com.crm.qa.testcases.ContactsPageTest" time="0.164"/>
  <testcase name="selectContactsTest" classname="com.crm.qa.testcases.ContactsPageTest" time="9.48"/>
  <testcase name="verifyCreateNewContact" classname="com.crm.qa.testcases.ContactsPageTest" time="26.351"/>
</testsuite>