<?xml version="1.0" encoding="UTF-8"?>
<!-- Generated by org.testng.reporters.JUnitReportReporter -->
<testsuite hostname="tushar-VPCEH3AEN" failures="0" tests="2" name="com.crm.qa.testcases.LoginPageTest" time="5.758" errors="0" timestamp="2020-06-19T17:51:14 IST" skipped="0">
  <testcase classname="com.crm.qa.testcases.LoginPageTest" name="loginPageTitleTest" time="0.389"/>
  <system-out/>
  <testcase classname="com.crm.qa.testcases.LoginPageTest" name="signInTest" time="5.369"/>
  <system-out/>
</testsuite> <!-- com.crm.qa.testcases.LoginPageTest -->
