<?xml version="1.0" encoding="UTF-8"?>
<!-- Generated by org.testng.reporters.JUnitReportReporter -->
<testsuite hostname="tushar-VPCEH3AEN" failures="0" tests="2" name="com.crm.qa.testcases.LoginPageTest" time="17.547" errors="0" timestamp="2020-05-14T11:35:23 IST" skipped="0">
  <testcase classname="com.crm.qa.testcases.LoginPageTest" name="loginPageTitleTest" time="6.429"/>
  <system-out/>
  <testcase classname="com.crm.qa.testcases.LoginPageTest" name="signInTest" time="11.118"/>
  <system-out/>
</testsuite> <!-- com.crm.qa.testcases.LoginPageTest -->
