<?xml version="1.0" encoding="UTF-8"?>
<!-- Generated by org.testng.reporters.JUnitReportReporter -->
<testsuite hostname="tushar-VPCEH3AEN" failures="0" tests="3" name="com.crm.qa.testcases.ContactsPageTest" time="28.039" errors="0" timestamp="2020-05-11T18:04:48 IST" skipped="2">
  <testcase classname="com.crm.qa.testcases.ContactsPageTest" name="verifyContactsLabelTest" time="9.864"/>
  <system-out/>
  <testcase classname="com.crm.qa.testcases.ContactsPageTest" name="selectContactsTest" time="18.175">
    <skipped/>
  </testcase> <!-- selectContactsTest -->
  <system-out/>
  <testcase classname="com.crm.qa.testcases.ContactsPageTest" name="verifyCreateNewContact">
    <skipped/>
  </testcase> <!-- verifyCreateNewContact -->
  <system-out/>
</testsuite> <!-- com.crm.qa.testcases.ContactsPageTest -->
