<?xml version="1.0" encoding="UTF-8"?>
<!-- Generated by org.testng.reporters.JUnitReportReporter -->
<testsuite hostname="tushar-VPCEH3AEN" failures="0" tests="3" name="com.crm.qa.testcases.HomePageTest" time="2.277" errors="0" timestamp="2020-06-17T23:38:39 IST" skipped="0">
  <testcase classname="com.crm.qa.testcases.HomePageTest" name="verifyHomePageTitleTest" time="0.010"/>
  <system-out/>
  <testcase classname="com.crm.qa.testcases.HomePageTest" name="verifyCorrectUsernameTest" time="1.709"/>
  <system-out/>
  <testcase classname="com.crm.qa.testcases.HomePageTest" name="verifyContactsLinkTest" time="0.558"/>
  <system-out/>
</testsuite> <!-- com.crm.qa.testcases.HomePageTest -->
