<?xml version="1.0" encoding="UTF-8"?>
<!-- Generated by org.testng.reporters.JUnitReportReporter -->
<testsuite hostname="tushar-VPCEH3AEN" failures="0" tests="3" name="com.crm.qa.testcases.ContactsPageTest" time="76.304" errors="0" timestamp="2020-06-03T21:02:48 IST" skipped="0">
  <testcase classname="com.crm.qa.testcases.ContactsPageTest" name="verifyContactsLabelTest" time="14.739"/>
  <system-out/>
  <testcase classname="com.crm.qa.testcases.ContactsPageTest" name="selectContactsTest" time="22.061"/>
  <system-out/>
  <testcase classname="com.crm.qa.testcases.ContactsPageTest" name="verifyCreateNewContact" time="39.504"/>
  <system-out/>
</testsuite> <!-- com.crm.qa.testcases.ContactsPageTest -->
