<?xml version="1.0" encoding="UTF-8"?>
<!-- Generated by org.testng.reporters.JUnitReportReporter -->
<testsuite hostname="tushar-VPCEH3AEN" failures="0" tests="2" name="com.crm.qa.testcases.LoginPageTest" time="16.205" errors="0" timestamp="2020-05-14T15:59:09 IST" skipped="0">
  <testcase classname="com.crm.qa.testcases.LoginPageTest" name="loginPageTitleTest" time="4.999"/>
  <system-out/>
  <testcase classname="com.crm.qa.testcases.LoginPageTest" name="signInTest" time="11.206"/>
  <system-out/>
</testsuite> <!-- com.crm.qa.testcases.LoginPageTest -->
