<?xml version="1.0" encoding="UTF-8"?>
<!-- Generated by org.testng.reporters.JUnitReportReporter -->
<testsuite hostname="tushar-VPCEH3AEN" failures="0" tests="2" name="com.crm.qa.testcases.LoginPageTest" time="21.752" errors="0" timestamp="2020-06-13T14:16:46 IST" skipped="0">
  <testcase classname="com.crm.qa.testcases.LoginPageTest" name="loginPageTitleTest" time="7.853"/>
  <system-out/>
  <testcase classname="com.crm.qa.testcases.LoginPageTest" name="signInTest" time="13.899"/>
  <system-out/>
</testsuite> <!-- com.crm.qa.testcases.LoginPageTest -->
